# JRE version: Java(TM) SE Runtime Environment (8.0_211-b12) (build 1.8.0_211-b12)
# Java VM: Java HotSpot(TM) 64-Bit Server VM (25.211-b12 mixed mode windows-amd64 compressed oops)
Heap:
 PSYoungGen      total 143872K, used 18127K [0x00000000f5580000, 0x00000000ffc00000, 0x0000000100000000)
  eden space 116736K, 3% used [0x00000000f5580000,0x00000000f5a098d8,0x00000000fc780000)
  from space 27136K, 49% used [0x00000000fe180000,0x00000000feeaa5d8,0x00000000ffc00000)
  to   space 26624K, 0% used [0x00000000fc780000,0x00000000fc780000,0x00000000fe180000)
 ParOldGen       total 349696K, used 312943K [0x00000000e0000000, 0x00000000f5580000, 0x00000000f5580000)
  object space 349696K, 89% used [0x00000000e0000000,0x00000000f319be78,0x00000000f5580000)
 Metaspace       used 131286K, capacity 142494K, committed 142640K, reserved 1171456K
  class space    used 17045K, capacity 20477K, committed 20528K, reserved 1048576K
GC Heap History (10 events):
Event: 920.512 GC heap before
{Heap before GC invocations=87 (full 5):
 PSYoungGen      total 123904K, used 123638K [0x00000000f5580000, 0x00000000ffd00000, 0x0000000100000000)
  eden space 107008K, 100% used [0x00000000f5580000,0x00000000fbe00000,0x00000000fbe00000)
  from space 16896K, 98% used [0x00000000fbe00000,0x00000000fce3da90,0x00000000fce80000)
  to   space 32256K, 0% used [0x00000000fdd80000,0x00000000fdd80000,0x00000000ffd00000)
 ParOldGen       total 349696K, used 295677K [0x00000000e0000000, 0x00000000f5580000, 0x00000000f5580000)
  object space 349696K, 84% used [0x00000000e0000000,0x00000000f20bf7b8,0x00000000f5580000)
 Metaspace       used 128545K, capacity 139540K, committed 139696K, reserved 1169408K
  class space    used 16711K, capacity 20120K, committed 20144K, reserved 1048576K
Event: 920.556 GC heap after
Heap after GC invocations=87 (full 5):
 PSYoungGen      total 140288K, used 17149K [0x00000000f5580000, 0x0000000100000000, 0x0000000100000000)
  eden space 108032K, 0% used [0x00000000f5580000,0x00000000f5580000,0x00000000fbf00000)
  from space 32256K, 53% used [0x00000000fdd80000,0x00000000fee3f6a0,0x00000000ffd00000)
  to   space 31232K, 0% used [0x00000000fbf00000,0x00000000fbf00000,0x00000000fdd80000)
 ParOldGen       total 349696K, used 300794K [0x00000000e0000000, 0x00000000f5580000, 0x00000000f5580000)
  object space 349696K, 86% used [0x00000000e0000000,0x00000000f25be868,0x00000000f5580000)
 Metaspace       used 128545K, capacity 139540K, committed 139696K, reserved 1169408K
  class space    used 16711K, capacity 20120K, committed 20144K, reserved 1048576K
}
Event: 926.333 GC heap before
{Heap before GC invocations=88 (full 5):
 PSYoungGen      total 140288K, used 125181K [0x00000000f5580000, 0x0000000100000000, 0x0000000100000000)
  eden space 108032K, 100% used [0x00000000f5580000,0x00000000fbf00000,0x00000000fbf00000)
  from space 32256K, 53% used [0x00000000fdd80000,0x00000000fee3f6a0,0x00000000ffd00000)
  to   space 31232K, 0% used [0x00000000fbf00000,0x00000000fbf00000,0x00000000fdd80000)
 ParOldGen       total 349696K, used 300794K [0x00000000e0000000, 0x00000000f5580000, 0x00000000f5580000)
  object space 349696K, 86% used [0x00000000e0000000,0x00000000f25be868,0x00000000f5580000)
 Metaspace       used 130195K, capacity 141158K, committed 141488K, reserved 1171456K
  class space    used 16932K, capacity 20311K, committed 20400K, reserved 1048576K
Event: 926.375 GC heap after
Heap after GC invocations=88 (full 5):
 PSYoungGen      total 139264K, used 10647K [0x00000000f5580000, 0x00000000ffd00000, 0x0000000100000000)
  eden space 108032K, 0% used [0x00000000f5580000,0x00000000f5580000,0x00000000fbf00000)
  from space 31232K, 34% used [0x00000000fbf00000,0x00000000fc965e00,0x00000000fdd80000)
  to   space 30208K, 0% used [0x00000000fdf80000,0x00000000fdf80000,0x00000000ffd00000)
 ParOldGen       total 349696K, used 307593K [0x00000000e0000000, 0x00000000f5580000, 0x00000000f5580000)
  object space 349696K, 87% used [0x00000000e0000000,0x00000000f2c62720,0x00000000f5580000)
 Metaspace       used 130195K, capacity 141158K, committed 141488K, reserved 1171456K
  class space    used 16932K, capacity 20311K, committed 20400K, reserved 1048576K
}
Event: 930.108 GC heap before
{Heap before GC invocations=89 (full 5):
 PSYoungGen      total 139264K, used 118679K [0x00000000f5580000, 0x00000000ffd00000, 0x0000000100000000)
  eden space 108032K, 100% used [0x00000000f5580000,0x00000000fbf00000,0x00000000fbf00000)
  from space 31232K, 34% used [0x00000000fbf00000,0x00000000fc965e00,0x00000000fdd80000)
  to   space 30208K, 0% used [0x00000000fdf80000,0x00000000fdf80000,0x00000000ffd00000)
 ParOldGen       total 349696K, used 307593K [0x00000000e0000000, 0x00000000f5580000, 0x00000000f5580000)
  object space 349696K, 87% used [0x00000000e0000000,0x00000000f2c62720,0x00000000f5580000)
 Metaspace       used 130733K, capacity 141684K, committed 142000K, reserved 1171456K
  class space    used 16986K, capacity 20380K, committed 20400K, reserved 1048576K
Event: 930.137 GC heap after
Heap after GC invocations=89 (full 5):
 PSYoungGen      total 142336K, used 10316K [0x00000000f5580000, 0x00000000ffd00000, 0x0000000100000000)
  eden space 112128K, 0% used [0x00000000f5580000,0x00000000f5580000,0x00000000fc300000)
  from space 30208K, 34% used [0x00000000fdf80000,0x00000000fe9932c8,0x00000000ffd00000)
  to   space 29184K, 0% used [0x00000000fc300000,0x00000000fc300000,0x00000000fdf80000)
 ParOldGen       total 349696K, used 310551K [0x00000000e0000000, 0x00000000f5580000, 0x00000000f5580000)
  object space 349696K, 88% used [0x00000000e0000000,0x00000000f2f45d60,0x00000000f5580000)
 Metaspace       used 130733K, capacity 141684K, committed 142000K, reserved 1171456K
  class space    used 16986K, capacity 20380K, committed 20400K, reserved 1048576K
}
Event: 933.818 GC heap before
{Heap before GC invocations=90 (full 5):
 PSYoungGen      total 142336K, used 122444K [0x00000000f5580000, 0x00000000ffd00000, 0x0000000100000000)
  eden space 112128K, 100% used [0x00000000f5580000,0x00000000fc300000,0x00000000fc300000)
  from space 30208K, 34% used [0x00000000fdf80000,0x00000000fe9932c8,0x00000000ffd00000)
  to   space 29184K, 0% used [0x00000000fc300000,0x00000000fc300000,0x00000000fdf80000)
 ParOldGen       total 349696K, used 310551K [0x00000000e0000000, 0x00000000f5580000, 0x00000000f5580000)
  object space 349696K, 88% used [0x00000000e0000000,0x00000000f2f45d60,0x00000000f5580000)
 Metaspace       used 131055K, capacity 142118K, committed 142384K, reserved 1171456K
  class space    used 17010K, capacity 20415K, committed 20528K, reserved 1048576K
Event: 933.850 GC heap after
Heap after GC invocations=90 (full 5):
 PSYoungGen      total 141312K, used 14272K [0x00000000f5580000, 0x00000000ffd00000, 0x0000000100000000)
  eden space 112128K, 0% used [0x00000000f5580000,0x00000000f5580000,0x00000000fc300000)
  from space 29184K, 48% used [0x00000000fc300000,0x00000000fd0f0268,0x00000000fdf80000)
  to   space 28160K, 0% used [0x00000000fe180000,0x00000000fe180000,0x00000000ffd00000)
 ParOldGen       total 349696K, used 311787K [0x00000000e0000000, 0x00000000f5580000, 0x00000000f5580000)
  object space 349696K, 89% used [0x00000000e0000000,0x00000000f307add0,0x00000000f5580000)
 Metaspace       used 131055K, capacity 142118K, committed 142384K, reserved 1171456K
  class space    used 17010K, capacity 20415K, committed 20528K, reserved 1048576K
}
Event: 938.223 GC heap before
{Heap before GC invocations=91 (full 5):
 PSYoungGen      total 141312K, used 126395K [0x00000000f5580000, 0x00000000ffd00000, 0x0000000100000000)
  eden space 112128K, 99% used [0x00000000f5580000,0x00000000fc2fea08,0x00000000fc300000)
  from space 29184K, 48% used [0x00000000fc300000,0x00000000fd0f0268,0x00000000fdf80000)
  to   space 28160K, 0% used [0x00000000fe180000,0x00000000fe180000,0x00000000ffd00000)
 ParOldGen       total 349696K, used 311787K [0x00000000e0000000, 0x00000000f5580000, 0x00000000f5580000)
  object space 349696K, 89% used [0x00000000e0000000,0x00000000f307add0,0x00000000f5580000)
 Metaspace       used 131284K, capacity 142494K, committed 142640K, reserved 1171456K
  class space    used 17045K, capacity 20477K, committed 20528K, reserved 1048576K
Event: 938.261 GC heap after
Heap after GC invocations=91 (full 5):
 PSYoungGen      total 143872K, used 13481K [0x00000000f5580000, 0x00000000ffc00000, 0x0000000100000000)
  eden space 116736K, 0% used [0x00000000f5580000,0x00000000f5580000,0x00000000fc780000)
  from space 27136K, 49% used [0x00000000fe180000,0x00000000feeaa5d8,0x00000000ffc00000)
  to   space 26624K, 0% used [0x00000000fc780000,0x00000000fc780000,0x00000000fe180000)
 ParOldGen       total 349696K, used 312943K [0x00000000e0000000, 0x00000000f5580000, 0x00000000f5580000)
  object space 349696K, 89% used [0x00000000e0000000,0x00000000f319be78,0x00000000f5580000)
 Metaspace       used 131284K, capacity 142494K, committed 142640K, reserved 1171456K
  class space    used 17045K, capacity 20477K, committed 20528K, reserved 1048576K
}

